::1 - - [05/Jun/2021:20:32:20 +0000] "GET /users/ HTTP/1.1" 304 -
2021-06-05T21:59:34.621Z GET /users - 200 - 9.196 ms
2021-06-05T21:59:34.722Z POST /users - 201 - 3.743 ms
2021-06-05T21:59:34.736Z GET /users/457cb399-a121-467c-8344-51cf4f7d71a6 - 200 - 3.795 ms
2021-06-05T21:59:34.750Z DELETE /users/457cb399-a121-467c-8344-51cf4f7d71a6 - 204 - 2.479 ms
2021-06-05T21:59:34.769Z POST /users - 201 - 0.702 ms
2021-06-05T21:59:34.787Z DELETE /users/ee372b16-d63f-45b3-9883-85524b63eab9 - 204 - 2.076 ms
2021-06-05T21:59:34.803Z POST /users - 201 - 0.985 ms
2021-06-05T21:59:34.823Z PUT /users/4bb10205-c000-4682-bb17-19f4f37c7c58 - 200 - 7.535 ms
2021-06-05T21:59:34.833Z GET /users/4bb10205-c000-4682-bb17-19f4f37c7c58 - 200 - 1.339 ms
2021-06-05T21:59:34.845Z DELETE /users/4bb10205-c000-4682-bb17-19f4f37c7c58 - 204 - 2.410 ms
2021-06-05T21:59:34.859Z POST /users - 201 - 0.606 ms
2021-06-05T21:59:34.869Z DELETE /users/f88631e6-d3c0-4c92-b9a0-aa1d34239c1c - 204 - 1.677 ms
2021-06-05T21:59:34.879Z POST /users - 201 - 0.560 ms
2021-06-05T21:59:34.892Z POST /boards - 201 - 1.087 ms
2021-06-05T21:59:34.908Z POST /boards/9df121b7-7732-4c78-bb9f-343e2aa00810/tasks - 201 - 1.775 ms
2021-06-05T21:59:34.914Z POST /boards/9df121b7-7732-4c78-bb9f-343e2aa00810/tasks - 201 - 0.688 ms
2021-06-05T21:59:34.925Z DELETE /users/98a63aeb-9e61-4268-9539-a6fdbbfa4a88 - 204 - 2.104 ms
2021-06-05T21:59:34.937Z GET /boards/9df121b7-7732-4c78-bb9f-343e2aa00810/tasks/5398e064-9967-419c-8ec9-779e7f04cbde - 200 - 4.091 ms
2021-06-05T21:59:34.951Z GET /boards/9df121b7-7732-4c78-bb9f-343e2aa00810/tasks/7608102f-75d5-408f-b9bb-6e9add54ae42 - 200 - 1.585 ms
2021-06-05T21:59:34.962Z DELETE /boards/9df121b7-7732-4c78-bb9f-343e2aa00810/tasks/5398e064-9967-419c-8ec9-779e7f04cbde - 204 - 2.107 ms
2021-06-05T21:59:34.973Z DELETE /boards/9df121b7-7732-4c78-bb9f-343e2aa00810/tasks/7608102f-75d5-408f-b9bb-6e9add54ae42 - 204 - 1.646 ms
2021-06-05T21:59:34.986Z DELETE /boards/9df121b7-7732-4c78-bb9f-343e2aa00810 - 204 - 2.926 ms
2021-06-05T21:59:35.627Z POST /boards - 201 - 0.507 ms
2021-06-05T21:59:35.645Z GET /boards - 200 - 1.442 ms
2021-06-05T21:59:35.670Z GET /boards - 200 - 4.286 ms
2021-06-05T21:59:35.696Z GET /boards/c9798734-34b3-49df-a7a7-70818de3ae0a - 200 - 2.773 ms
2021-06-05T21:59:35.719Z POST /boards - 201 - 0.739 ms
2021-06-05T21:59:35.729Z DELETE /boards/b08ca426-26a3-42bc-ba60-71b20df034ae - 204 - 1.191 ms
2021-06-05T21:59:35.743Z POST /boards - 201 - 0.976 ms
2021-06-05T21:59:35.755Z PUT /boards/6c10e7a8-ee8f-4e0e-b55a-b2c1abb1b02e - 200 - 2.219 ms
2021-06-05T21:59:35.774Z GET /boards/6c10e7a8-ee8f-4e0e-b55a-b2c1abb1b02e - 200 - 1.517 ms
2021-06-05T21:59:35.787Z DELETE /boards/6c10e7a8-ee8f-4e0e-b55a-b2c1abb1b02e - 204 - 0.892 ms
2021-06-05T21:59:35.811Z POST /boards - 201 - 0.700 ms
2021-06-05T21:59:35.851Z DELETE /boards/305f2c9f-f689-4278-999d-128b1bfb7335 - 204 - 3.284 ms
2021-06-05T21:59:35.860Z GET /boards/305f2c9f-f689-4278-999d-128b1bfb7335 - 404 - 0.973 ms
2021-06-05T21:59:35.895Z POST /boards - 201 - 7.234 ms
2021-06-05T21:59:35.922Z POST /boards/1143984d-1fde-4442-854e-539d3f25baaf/tasks - 201 - 0.816 ms
2021-06-05T21:59:35.927Z POST /boards/1143984d-1fde-4442-854e-539d3f25baaf/tasks - 201 - 0.335 ms
2021-06-05T21:59:35.934Z POST /boards/1143984d-1fde-4442-854e-539d3f25baaf/tasks - 201 - 0.341 ms
2021-06-05T21:59:35.941Z POST /boards/1143984d-1fde-4442-854e-539d3f25baaf/tasks - 201 - 0.383 ms
2021-06-05T21:59:35.946Z POST /boards/1143984d-1fde-4442-854e-539d3f25baaf/tasks - 201 - 0.442 ms
2021-06-05T21:59:35.966Z GET /boards/1143984d-1fde-4442-854e-539d3f25baaf/tasks/23f962ef-a32d-4028-9bf8-f3486e2e27c6 - 200 - 1.165 ms
2021-06-05T21:59:35.973Z GET /boards/1143984d-1fde-4442-854e-539d3f25baaf/tasks/046067c7-3c13-47bb-bcbc-5d83998b9afc - 200 - 1.377 ms
2021-06-05T21:59:35.978Z GET /boards/1143984d-1fde-4442-854e-539d3f25baaf/tasks/1b58748b-2485-4708-bb24-c26d7d1d1463 - 200 - 0.853 ms
2021-06-05T21:59:35.985Z GET /boards/1143984d-1fde-4442-854e-539d3f25baaf/tasks/0b438adc-92f4-44a5-bffb-3c57185cafd7 - 200 - 1.034 ms
2021-06-05T21:59:35.996Z GET /boards/1143984d-1fde-4442-854e-539d3f25baaf/tasks/0e3e4a76-c44e-48a2-a653-06f0b67f26c0 - 200 - 1.150 ms
2021-06-05T21:59:36.005Z DELETE /boards/1143984d-1fde-4442-854e-539d3f25baaf - 204 - 1.457 ms
2021-06-05T21:59:36.024Z GET /boards/1143984d-1fde-4442-854e-539d3f25baaf/tasks/046067c7-3c13-47bb-bcbc-5d83998b9afc - 404 - 2.274 ms
2021-06-05T21:59:36.028Z GET /boards/1143984d-1fde-4442-854e-539d3f25baaf/tasks/1b58748b-2485-4708-bb24-c26d7d1d1463 - 404 - 0.825 ms
2021-06-05T21:59:36.036Z GET /boards/1143984d-1fde-4442-854e-539d3f25baaf/tasks/0b438adc-92f4-44a5-bffb-3c57185cafd7 - 404 - 1.615 ms
2021-06-05T21:59:36.042Z GET /boards/1143984d-1fde-4442-854e-539d3f25baaf/tasks/23f962ef-a32d-4028-9bf8-f3486e2e27c6 - 404 - 1.214 ms
2021-06-05T21:59:36.053Z GET /boards/1143984d-1fde-4442-854e-539d3f25baaf/tasks/0e3e4a76-c44e-48a2-a653-06f0b67f26c0 - 404 - 0.980 ms
2021-06-05T21:59:36.060Z DELETE /boards/c9798734-34b3-49df-a7a7-70818de3ae0a - 204 - 1.033 ms
2021-06-05T21:59:36.740Z POST /boards - 201 - 0.638 ms
2021-06-05T21:59:36.758Z POST /boards/9ed05bc7-8f57-481c-8caa-637c832bf546/tasks - 201 - 0.727 ms
2021-06-05T21:59:36.784Z GET /boards/9ed05bc7-8f57-481c-8caa-637c832bf546/tasks - 200 - 2.403 ms
2021-06-05T21:59:36.825Z GET /boards/9ed05bc7-8f57-481c-8caa-637c832bf546/tasks - 200 - 2.554 ms
2021-06-05T21:59:36.836Z GET /boards/9ed05bc7-8f57-481c-8caa-637c832bf546/tasks/1dc963c7-e93c-4b3d-b7ed-f7f42d81c49d - 200 - 2.133 ms
2021-06-05T21:59:36.851Z POST /boards/9ed05bc7-8f57-481c-8caa-637c832bf546/tasks - 201 - 0.667 ms
2021-06-05T21:59:36.861Z DELETE /boards/9ed05bc7-8f57-481c-8caa-637c832bf546/tasks/af1fa40d-2253-43bb-a15d-8ca5bc28e063 - 204 - 0.991 ms
2021-06-05T21:59:36.872Z POST /boards/9ed05bc7-8f57-481c-8caa-637c832bf546/tasks - 201 - 0.714 ms
2021-06-05T21:59:36.883Z PUT /boards/9ed05bc7-8f57-481c-8caa-637c832bf546/tasks/51ed961b-0e9a-44b5-9ad8-cc4fe26a515f - 200 - 1.735 ms
2021-06-05T21:59:36.901Z GET /boards/9ed05bc7-8f57-481c-8caa-637c832bf546/tasks/51ed961b-0e9a-44b5-9ad8-cc4fe26a515f - 200 - 3.639 ms
2021-06-05T21:59:36.912Z GET /boards/9ed05bc7-8f57-481c-8caa-637c832bf546/tasks/1dc963c7-e93c-4b3d-b7ed-f7f42d81c49d - 200 - 1.290 ms
2021-06-05T21:59:36.938Z DELETE /boards/9ed05bc7-8f57-481c-8caa-637c832bf546/tasks/1dc963c7-e93c-4b3d-b7ed-f7f42d81c49d - 204 - 3.484 ms
2021-06-05T21:59:36.956Z GET /boards/9ed05bc7-8f57-481c-8caa-637c832bf546/tasks/1dc963c7-e93c-4b3d-b7ed-f7f42d81c49d - 404 - 2.403 ms
2021-06-05T21:59:37.008Z DELETE /boards/9ed05bc7-8f57-481c-8caa-637c832bf546 - 204 - 2.790 ms
2021-06-05T22:09:00.308Z GET /users - 200 - 14.997 ms
2021-06-05T22:09:00.473Z POST /users - 201 - 2.984 ms
2021-06-05T22:09:00.520Z GET /users/c0ca2ff3-2cd1-49ea-9276-fdc8ae81bfdd - 200 - 6.771 ms
2021-06-05T22:09:00.535Z DELETE /users/c0ca2ff3-2cd1-49ea-9276-fdc8ae81bfdd - 204 - 1.628 ms
2021-06-05T22:09:00.556Z POST /users - 201 - 1.166 ms
2021-06-05T22:09:00.576Z DELETE /users/03198dad-a1f7-4bea-8253-09a6c1eff612 - 204 - 5.073 ms
2021-06-05T22:09:00.595Z POST /users - 201 - 0.760 ms
2021-06-05T22:09:00.610Z PUT /users/9fe666da-5d4f-4ff8-ba4c-7b28b89f2e5f - 200 - 2.348 ms
2021-06-05T22:09:00.624Z GET /users/9fe666da-5d4f-4ff8-ba4c-7b28b89f2e5f - 200 - 1.946 ms
2021-06-05T22:09:00.645Z DELETE /users/9fe666da-5d4f-4ff8-ba4c-7b28b89f2e5f - 204 - 3.015 ms
2021-06-05T22:09:00.667Z POST /users - 201 - 1.871 ms
2021-06-05T22:09:00.690Z DELETE /users/65e8ed63-a935-471e-b37c-f69a9ee3cda7 - 204 - 5.600 ms
2021-06-05T22:09:00.706Z POST /users - 201 - 0.616 ms
2021-06-05T22:09:00.719Z POST /boards - 201 - 1.778 ms
2021-06-05T22:09:00.731Z POST /boards/991fd60b-b6c3-4484-b7fd-50c5d054cc9c/tasks - 201 - 1.583 ms
2021-06-05T22:09:00.742Z POST /boards/991fd60b-b6c3-4484-b7fd-50c5d054cc9c/tasks - 201 - 1.241 ms
2021-06-05T22:09:00.758Z DELETE /users/0ddf2222-a05b-43f6-a645-33bd8e77a583 - 204 - 2.276 ms
2021-06-05T22:09:00.770Z GET /boards/991fd60b-b6c3-4484-b7fd-50c5d054cc9c/tasks/5517d0f3-673b-4881-8f1b-58a79de1aef4 - 200 - 2.036 ms
2021-06-05T22:09:00.785Z GET /boards/991fd60b-b6c3-4484-b7fd-50c5d054cc9c/tasks/5fef582e-0992-4983-9dc6-3ff34fae2d33 - 200 - 2.173 ms
2021-06-05T22:09:00.802Z DELETE /boards/991fd60b-b6c3-4484-b7fd-50c5d054cc9c/tasks/5517d0f3-673b-4881-8f1b-58a79de1aef4 - 204 - 2.079 ms
2021-06-05T22:09:00.812Z DELETE /boards/991fd60b-b6c3-4484-b7fd-50c5d054cc9c/tasks/5fef582e-0992-4983-9dc6-3ff34fae2d33 - 204 - 1.809 ms
2021-06-05T22:09:00.826Z DELETE /boards/991fd60b-b6c3-4484-b7fd-50c5d054cc9c - 204 - 4.272 ms
2021-06-05T22:09:01.757Z POST /boards - 201 - 0.536 ms
2021-06-05T22:09:01.888Z GET /boards - 200 - 4.186 ms
2021-06-05T22:09:01.988Z GET /boards - 200 - 1.410 ms
2021-06-05T22:09:02.060Z GET /boards/cd4f92a5-c839-482d-81e9-f9a857d3bb47 - 200 - 2.026 ms
2021-06-05T22:09:02.102Z POST /boards - 201 - 0.604 ms
2021-06-05T22:09:02.111Z DELETE /boards/761d833d-f083-4919-9922-b4b21aba3c65 - 204 - 1.442 ms
2021-06-05T22:09:02.135Z POST /boards - 201 - 0.815 ms
2021-06-05T22:09:02.156Z PUT /boards/c2d60c13-9524-42d1-a9b1-979827049f11 - 200 - 2.386 ms
2021-06-05T22:09:02.171Z GET /boards/c2d60c13-9524-42d1-a9b1-979827049f11 - 200 - 1.587 ms
2021-06-05T22:09:02.180Z DELETE /boards/c2d60c13-9524-42d1-a9b1-979827049f11 - 204 - 0.935 ms
2021-06-05T22:09:02.194Z POST /boards - 201 - 0.698 ms
2021-06-05T22:09:02.206Z DELETE /boards/df553fbe-21fa-481a-b222-8b6adc572027 - 204 - 2.408 ms
2021-06-05T22:09:02.218Z GET /boards/df553fbe-21fa-481a-b222-8b6adc572027 - 404 - 0.874 ms
2021-06-05T22:09:02.232Z POST /boards - 201 - 0.689 ms
2021-06-05T22:09:02.263Z POST /boards/4b4bcab0-49f2-431b-9f29-c02f20ad8788/tasks - 201 - 0.524 ms
2021-06-05T22:09:02.276Z POST /boards/4b4bcab0-49f2-431b-9f29-c02f20ad8788/tasks - 201 - 0.683 ms
2021-06-05T22:09:02.284Z POST /boards/4b4bcab0-49f2-431b-9f29-c02f20ad8788/tasks - 201 - 0.869 ms
2021-06-05T22:09:02.294Z POST /boards/4b4bcab0-49f2-431b-9f29-c02f20ad8788/tasks - 201 - 0.684 ms
2021-06-05T22:09:02.305Z POST /boards/4b4bcab0-49f2-431b-9f29-c02f20ad8788/tasks - 201 - 0.809 ms
2021-06-05T22:09:02.354Z GET /boards/4b4bcab0-49f2-431b-9f29-c02f20ad8788/tasks/e3f18702-12a1-4ffa-ae35-562869815d88 - 200 - 1.967 ms
2021-06-05T22:09:02.364Z GET /boards/4b4bcab0-49f2-431b-9f29-c02f20ad8788/tasks/e4c96d2f-bb3f-442d-b7c8-c8b9f980e349 - 200 - 2.234 ms
2021-06-05T22:09:02.374Z GET /boards/4b4bcab0-49f2-431b-9f29-c02f20ad8788/tasks/47ad7349-1b19-4b52-bd8c-08f2f3b9598f - 200 - 1.854 ms
2021-06-05T22:09:02.394Z GET /boards/4b4bcab0-49f2-431b-9f29-c02f20ad8788/tasks/93bbef7e-973b-473b-9188-b4aa8cedf9b8 - 200 - 1.845 ms
2021-06-05T22:09:02.402Z GET /boards/4b4bcab0-49f2-431b-9f29-c02f20ad8788/tasks/d5fefef8-bc2b-4c45-8b20-4c4ddfdb1d8f - 200 - 1.378 ms
2021-06-05T22:09:02.438Z DELETE /boards/4b4bcab0-49f2-431b-9f29-c02f20ad8788 - 204 - 2.416 ms
2021-06-05T22:09:02.455Z GET /boards/4b4bcab0-49f2-431b-9f29-c02f20ad8788/tasks/e3f18702-12a1-4ffa-ae35-562869815d88 - 404 - 1.690 ms
2021-06-05T22:09:02.460Z GET /boards/4b4bcab0-49f2-431b-9f29-c02f20ad8788/tasks/e4c96d2f-bb3f-442d-b7c8-c8b9f980e349 - 404 - 1.139 ms
2021-06-05T22:09:02.470Z GET /boards/4b4bcab0-49f2-431b-9f29-c02f20ad8788/tasks/47ad7349-1b19-4b52-bd8c-08f2f3b9598f - 404 - 1.323 ms
2021-06-05T22:09:02.478Z GET /boards/4b4bcab0-49f2-431b-9f29-c02f20ad8788/tasks/93bbef7e-973b-473b-9188-b4aa8cedf9b8 - 404 - 1.432 ms
2021-06-05T22:09:02.489Z GET /boards/4b4bcab0-49f2-431b-9f29-c02f20ad8788/tasks/d5fefef8-bc2b-4c45-8b20-4c4ddfdb1d8f - 404 - 2.515 ms
2021-06-05T22:09:02.505Z DELETE /boards/cd4f92a5-c839-482d-81e9-f9a857d3bb47 - 204 - 1.731 ms
2021-06-05T22:09:04.268Z POST /boards - 201 - 0.604 ms
2021-06-05T22:09:04.292Z POST /boards/452dce98-25d4-4523-83af-4dfd175d230e/tasks - 201 - 1.325 ms
2021-06-05T22:09:04.313Z GET /boards/452dce98-25d4-4523-83af-4dfd175d230e/tasks - 200 - 6.769 ms
2021-06-05T22:09:04.466Z GET /boards/452dce98-25d4-4523-83af-4dfd175d230e/tasks - 200 - 1.805 ms
2021-06-05T22:09:04.549Z GET /boards/452dce98-25d4-4523-83af-4dfd175d230e/tasks/92fd504c-a5ca-4400-b99b-6e2fa0221b7b - 200 - 1.977 ms
2021-06-05T22:09:04.581Z POST /boards/452dce98-25d4-4523-83af-4dfd175d230e/tasks - 201 - 1.050 ms
2021-06-05T22:09:04.625Z DELETE /boards/452dce98-25d4-4523-83af-4dfd175d230e/tasks/61d517f9-ee31-4e7f-b0e9-d331a11a597d - 204 - 18.698 ms
2021-06-05T22:09:04.742Z POST /boards/452dce98-25d4-4523-83af-4dfd175d230e/tasks - 201 - 1.934 ms
2021-06-05T22:09:04.773Z PUT /boards/452dce98-25d4-4523-83af-4dfd175d230e/tasks/e5389040-125c-4606-b61d-8a4e24bdf3db - 200 - 1.984 ms
2021-06-05T22:09:04.796Z GET /boards/452dce98-25d4-4523-83af-4dfd175d230e/tasks/e5389040-125c-4606-b61d-8a4e24bdf3db - 200 - 5.976 ms
2021-06-05T22:09:04.815Z GET /boards/452dce98-25d4-4523-83af-4dfd175d230e/tasks/92fd504c-a5ca-4400-b99b-6e2fa0221b7b - 200 - 1.693 ms
2021-06-05T22:09:04.831Z DELETE /boards/452dce98-25d4-4523-83af-4dfd175d230e/tasks/92fd504c-a5ca-4400-b99b-6e2fa0221b7b - 204 - 2.651 ms
2021-06-05T22:09:04.847Z GET /boards/452dce98-25d4-4523-83af-4dfd175d230e/tasks/92fd504c-a5ca-4400-b99b-6e2fa0221b7b - 404 - 2.235 ms
2021-06-05T22:09:04.861Z DELETE /boards/452dce98-25d4-4523-83af-4dfd175d230e - 204 - 2.967 ms
