2021-06-06T14:50:47.389Z GET /users - 200 - 8.090 ms
2021-06-06T14:50:47.529Z POST /users - 201 - 8.169 ms
2021-06-06T14:50:47.545Z GET /users/978a4a0b-0466-4e66-ac0a-796fdd4ab2d9 - 200 - 1.690 ms
2021-06-06T14:50:47.574Z DELETE /users/978a4a0b-0466-4e66-ac0a-796fdd4ab2d9 - 204 - 3.101 ms
2021-06-06T14:50:47.595Z POST /users - 201 - 0.915 ms
2021-06-06T14:50:47.601Z DELETE /users/512b4311-7747-4391-ad89-b091d1b4fbbd - 204 - 1.589 ms
2021-06-06T14:50:47.618Z POST /users - 201 - 0.729 ms
2021-06-06T14:50:47.631Z PUT /users/bc8ba178-d1d8-4d57-b8de-bf015cc84724 - 200 - 1.316 ms
2021-06-06T14:50:47.639Z GET /users/bc8ba178-d1d8-4d57-b8de-bf015cc84724 - 200 - 0.700 ms
2021-06-06T14:50:47.648Z DELETE /users/bc8ba178-d1d8-4d57-b8de-bf015cc84724 - 204 - 1.153 ms
2021-06-06T14:50:47.657Z POST /users - 201 - 0.428 ms
2021-06-06T14:50:47.663Z DELETE /users/944ef42f-d124-4be2-b1bb-eb6c05d342f1 - 204 - 0.878 ms
2021-06-06T14:50:47.675Z POST /users - 201 - 0.532 ms
2021-06-06T14:50:47.683Z POST /boards - 201 - 1.166 ms
2021-06-06T14:50:47.698Z POST /boards/807e1f63-7d75-4263-bdab-84f38b957d54/tasks - 201 - 1.445 ms
2021-06-06T14:50:47.709Z POST /boards/807e1f63-7d75-4263-bdab-84f38b957d54/tasks - 201 - 2.785 ms
2021-06-06T14:50:47.715Z DELETE /users/3b3380c2-a8db-4e85-ae93-4df6c64da9e8 - 204 - 0.769 ms
2021-06-06T14:50:47.734Z GET /boards/807e1f63-7d75-4263-bdab-84f38b957d54/tasks/b1dda907-b5d4-4a06-9846-5d384b6ab08f - 200 - 1.386 ms
2021-06-06T14:50:47.747Z GET /boards/807e1f63-7d75-4263-bdab-84f38b957d54/tasks/2708d45c-8eb8-4f73-b316-92be8163e858 - 200 - 0.860 ms
2021-06-06T14:50:47.756Z DELETE /boards/807e1f63-7d75-4263-bdab-84f38b957d54/tasks/b1dda907-b5d4-4a06-9846-5d384b6ab08f - 204 - 1.200 ms
2021-06-06T14:50:47.760Z DELETE /boards/807e1f63-7d75-4263-bdab-84f38b957d54/tasks/2708d45c-8eb8-4f73-b316-92be8163e858 - 204 - 1.051 ms
2021-06-06T14:50:47.767Z DELETE /boards/807e1f63-7d75-4263-bdab-84f38b957d54 - 204 - 1.711 ms
2021-06-06T14:50:48.495Z POST /boards - 201 - 0.453 ms
2021-06-06T14:50:48.538Z POST /boards/e5931f14-19ef-4201-835e-354110fa6035/tasks - 201 - 0.520 ms
2021-06-06T14:50:48.559Z GET /boards/e5931f14-19ef-4201-835e-354110fa6035/tasks - 200 - 1.421 ms
2021-06-06T14:50:48.615Z GET /boards/e5931f14-19ef-4201-835e-354110fa6035/tasks - 200 - 1.853 ms
2021-06-06T14:50:48.633Z GET /boards/e5931f14-19ef-4201-835e-354110fa6035/tasks/6422ce8a-174a-475f-b479-d0a0dee7b761 - 200 - 0.691 ms
2021-06-06T14:50:48.654Z POST /boards/e5931f14-19ef-4201-835e-354110fa6035/tasks - 201 - 0.705 ms
2021-06-06T14:50:48.665Z DELETE /boards/e5931f14-19ef-4201-835e-354110fa6035/tasks/307e459e-4d07-41be-9143-7938e246cfd5 - 204 - 0.896 ms
2021-06-06T14:50:48.676Z POST /boards/e5931f14-19ef-4201-835e-354110fa6035/tasks - 201 - 0.859 ms
2021-06-06T14:50:48.687Z PUT /boards/e5931f14-19ef-4201-835e-354110fa6035/tasks/35562152-1c9a-4393-861d-c29a86f00726 - 200 - 1.430 ms
2021-06-06T14:50:48.696Z GET /boards/e5931f14-19ef-4201-835e-354110fa6035/tasks/35562152-1c9a-4393-861d-c29a86f00726 - 200 - 1.131 ms
2021-06-06T14:50:48.710Z GET /boards/e5931f14-19ef-4201-835e-354110fa6035/tasks/6422ce8a-174a-475f-b479-d0a0dee7b761 - 200 - 1.129 ms
2021-06-06T14:50:48.717Z DELETE /boards/e5931f14-19ef-4201-835e-354110fa6035/tasks/6422ce8a-174a-475f-b479-d0a0dee7b761 - 204 - 0.918 ms
2021-06-06T14:50:48.726Z GET /boards/e5931f14-19ef-4201-835e-354110fa6035/tasks/6422ce8a-174a-475f-b479-d0a0dee7b761 - 404 - 0.705 ms
2021-06-06T14:50:48.746Z DELETE /boards/e5931f14-19ef-4201-835e-354110fa6035 - 204 - 0.833 ms
2021-06-06T14:50:49.952Z POST /boards - 201 - 1.107 ms
2021-06-06T14:50:50.024Z GET /boards - 200 - 1.055 ms
2021-06-06T14:50:50.071Z GET /boards - 200 - 0.816 ms
2021-06-06T14:50:50.079Z GET /boards/13a2d9e4-be17-4378-92ba-7dcb77a85a04 - 200 - 1.343 ms
2021-06-06T14:50:50.090Z POST /boards - 201 - 0.435 ms
2021-06-06T14:50:50.097Z DELETE /boards/cd3e15dc-d656-44c6-b5a0-35defbd61c5b - 204 - 0.536 ms
2021-06-06T14:50:50.104Z POST /boards - 201 - 0.434 ms
2021-06-06T14:50:50.115Z PUT /boards/70b8b0a5-c628-4264-879f-a802ff582a81 - 200 - 1.339 ms
2021-06-06T14:50:50.127Z GET /boards/70b8b0a5-c628-4264-879f-a802ff582a81 - 200 - 0.821 ms
2021-06-06T14:50:50.134Z DELETE /boards/70b8b0a5-c628-4264-879f-a802ff582a81 - 204 - 0.604 ms
2021-06-06T14:50:50.144Z POST /boards - 201 - 1.009 ms
2021-06-06T14:50:50.152Z DELETE /boards/41e2ac40-0e01-437c-8b79-89f3361d72b8 - 204 - 0.925 ms
2021-06-06T14:50:50.160Z GET /boards/41e2ac40-0e01-437c-8b79-89f3361d72b8 - 404 - 0.640 ms
2021-06-06T14:50:50.173Z POST /boards - 201 - 0.689 ms
2021-06-06T14:50:50.219Z POST /boards/3668f18f-e228-43f6-8290-18f944579d1f/tasks - 201 - 0.668 ms
2021-06-06T14:50:50.260Z POST /boards/3668f18f-e228-43f6-8290-18f944579d1f/tasks - 201 - 0.706 ms
2021-06-06T14:50:50.274Z POST /boards/3668f18f-e228-43f6-8290-18f944579d1f/tasks - 201 - 1.238 ms
2021-06-06T14:50:50.361Z POST /boards/3668f18f-e228-43f6-8290-18f944579d1f/tasks - 201 - 1.319 ms
2021-06-06T14:50:50.415Z POST /boards/3668f18f-e228-43f6-8290-18f944579d1f/tasks - 201 - 0.796 ms
2021-06-06T14:50:50.441Z GET /boards/3668f18f-e228-43f6-8290-18f944579d1f/tasks/03c6951b-de48-4324-8411-49c5a6f2f5d9 - 200 - 5.488 ms
2021-06-06T14:50:50.476Z GET /boards/3668f18f-e228-43f6-8290-18f944579d1f/tasks/9f1321c4-6499-407e-8e1b-23b0ebd8653e - 200 - 4.620 ms
2021-06-06T14:50:50.483Z GET /boards/3668f18f-e228-43f6-8290-18f944579d1f/tasks/2d506fa0-5db8-446e-8cc0-b2dc77046b45 - 200 - 1.256 ms
2021-06-06T14:50:50.490Z GET /boards/3668f18f-e228-43f6-8290-18f944579d1f/tasks/87ecfb19-017a-4343-8f65-8ba67b1a799c - 200 - 1.470 ms
2021-06-06T14:50:50.494Z GET /boards/3668f18f-e228-43f6-8290-18f944579d1f/tasks/c5b05f1e-1012-41cf-b8d2-368e8479f7a7 - 200 - 0.917 ms
2021-06-06T14:50:50.511Z DELETE /boards/3668f18f-e228-43f6-8290-18f944579d1f - 204 - 4.277 ms
2021-06-06T14:50:50.534Z GET /boards/3668f18f-e228-43f6-8290-18f944579d1f/tasks/03c6951b-de48-4324-8411-49c5a6f2f5d9 - 404 - 1.310 ms
2021-06-06T14:50:50.546Z GET /boards/3668f18f-e228-43f6-8290-18f944579d1f/tasks/9f1321c4-6499-407e-8e1b-23b0ebd8653e - 404 - 6.157 ms
2021-06-06T14:50:50.551Z GET /boards/3668f18f-e228-43f6-8290-18f944579d1f/tasks/2d506fa0-5db8-446e-8cc0-b2dc77046b45 - 404 - 0.716 ms
2021-06-06T14:50:50.559Z GET /boards/3668f18f-e228-43f6-8290-18f944579d1f/tasks/87ecfb19-017a-4343-8f65-8ba67b1a799c - 404 - 0.803 ms
2021-06-06T14:50:50.574Z GET /boards/3668f18f-e228-43f6-8290-18f944579d1f/tasks/c5b05f1e-1012-41cf-b8d2-368e8479f7a7 - 404 - 2.788 ms
2021-06-06T14:50:50.582Z DELETE /boards/13a2d9e4-be17-4378-92ba-7dcb77a85a04 - 204 - 0.584 ms
2021-06-06T17:51:17.981Z GET /users - 200 - 15.508 ms
2021-06-06T17:51:18.094Z POST /users - 201 - 4.029 ms
2021-06-06T17:51:18.105Z GET /users/796a2015-7b67-4b60-bce8-3b0ca244b65c - 200 - 1.671 ms
2021-06-06T17:51:18.118Z DELETE /users/796a2015-7b67-4b60-bce8-3b0ca244b65c - 204 - 1.347 ms
2021-06-06T17:51:18.137Z POST /users - 201 - 1.173 ms
2021-06-06T17:51:18.167Z DELETE /users/4f5c2dd6-0ce3-45aa-a9a1-2608ae47f493 - 204 - 1.266 ms
2021-06-06T17:51:18.181Z POST /users - 201 - 0.755 ms
2021-06-06T17:51:18.193Z PUT /users/1f4b8d93-03c5-4d27-b9bf-2b1bbdde3587 - 200 - 1.948 ms
2021-06-06T17:51:18.201Z GET /users/1f4b8d93-03c5-4d27-b9bf-2b1bbdde3587 - 200 - 0.951 ms
2021-06-06T17:51:18.210Z DELETE /users/1f4b8d93-03c5-4d27-b9bf-2b1bbdde3587 - 204 - 0.769 ms
2021-06-06T17:51:18.220Z POST /users - 201 - 0.599 ms
2021-06-06T17:51:18.228Z DELETE /users/13e4ec47-6077-42f2-9b95-7da1a182dd01 - 204 - 0.752 ms
2021-06-06T17:51:18.240Z POST /users - 201 - 0.534 ms
2021-06-06T17:51:18.251Z POST /boards - 201 - 3.834 ms
2021-06-06T17:51:18.265Z POST /boards/d780e440-4913-40f2-adf7-1f66552b7a1a/tasks - 201 - 1.981 ms
2021-06-06T17:51:18.274Z POST /boards/d780e440-4913-40f2-adf7-1f66552b7a1a/tasks - 201 - 0.980 ms
2021-06-06T17:51:18.278Z DELETE /users/9f2ad9b6-a7de-4be1-87ac-8c96a76da3d7 - 204 - 0.519 ms
2021-06-06T17:51:18.288Z GET /boards/d780e440-4913-40f2-adf7-1f66552b7a1a/tasks/3ed8f948-533e-44bd-bc93-c24a09f85798 - 200 - 0.784 ms
2021-06-06T17:51:18.295Z GET /boards/d780e440-4913-40f2-adf7-1f66552b7a1a/tasks/d8d0f57e-ddaf-42c1-b186-2da1c8c3e196 - 200 - 0.459 ms
2021-06-06T17:51:18.305Z DELETE /boards/d780e440-4913-40f2-adf7-1f66552b7a1a/tasks/3ed8f948-533e-44bd-bc93-c24a09f85798 - 204 - 1.361 ms
2021-06-06T17:51:18.310Z DELETE /boards/d780e440-4913-40f2-adf7-1f66552b7a1a/tasks/d8d0f57e-ddaf-42c1-b186-2da1c8c3e196 - 204 - 0.742 ms
2021-06-06T17:51:18.317Z DELETE /boards/d780e440-4913-40f2-adf7-1f66552b7a1a - 204 - 1.866 ms
2021-06-06T17:51:19.052Z POST /boards - 201 - 0.471 ms
2021-06-06T17:51:19.128Z GET /boards - 200 - 1.119 ms
2021-06-06T17:51:19.162Z GET /boards - 200 - 0.810 ms
2021-06-06T17:51:19.172Z GET /boards/7d621a30-1a58-4277-bea0-fab13792fd31 - 200 - 1.068 ms
2021-06-06T17:51:19.183Z POST /boards - 201 - 0.496 ms
2021-06-06T17:51:19.193Z DELETE /boards/82bb0771-faec-44a6-bc78-4a36e21660e2 - 204 - 0.618 ms
2021-06-06T17:51:19.201Z POST /boards - 201 - 1.586 ms
2021-06-06T17:51:19.209Z PUT /boards/2fd54c0a-0b2d-4451-aa2a-2be14563810e - 200 - 0.719 ms
2021-06-06T17:51:19.216Z GET /boards/2fd54c0a-0b2d-4451-aa2a-2be14563810e - 200 - 1.156 ms
2021-06-06T17:51:19.233Z DELETE /boards/2fd54c0a-0b2d-4451-aa2a-2be14563810e - 204 - 0.999 ms
2021-06-06T17:51:19.253Z POST /boards - 201 - 15.455 ms
2021-06-06T17:51:19.259Z DELETE /boards/eb329b90-9e51-4466-8d56-7ea12b43d022 - 204 - 0.685 ms
2021-06-06T17:51:19.271Z GET /boards/eb329b90-9e51-4466-8d56-7ea12b43d022 - 404 - 0.751 ms
2021-06-06T17:51:19.285Z POST /boards - 201 - 0.613 ms
2021-06-06T17:51:19.306Z POST /boards/89cdb702-207e-4d48-b040-2091881e5d9b/tasks - 201 - 2.051 ms
2021-06-06T17:51:19.311Z POST /boards/89cdb702-207e-4d48-b040-2091881e5d9b/tasks - 201 - 0.712 ms
2021-06-06T17:51:19.315Z POST /boards/89cdb702-207e-4d48-b040-2091881e5d9b/tasks - 201 - 0.550 ms
2021-06-06T17:51:19.320Z POST /boards/89cdb702-207e-4d48-b040-2091881e5d9b/tasks - 201 - 0.751 ms
2021-06-06T17:51:19.333Z POST /boards/89cdb702-207e-4d48-b040-2091881e5d9b/tasks - 201 - 3.056 ms
2021-06-06T17:51:19.356Z GET /boards/89cdb702-207e-4d48-b040-2091881e5d9b/tasks/bc2017cc-0152-4ec7-9378-cf2ea61b63f8 - 200 - 1.132 ms
2021-06-06T17:51:19.360Z GET /boards/89cdb702-207e-4d48-b040-2091881e5d9b/tasks/d626ddd0-0085-4b6d-95e0-ed5cf3c30d50 - 200 - 0.674 ms
2021-06-06T17:51:19.365Z GET /boards/89cdb702-207e-4d48-b040-2091881e5d9b/tasks/6c9ad0cf-0a8d-470d-ae3b-edab3b6538b3 - 200 - 0.811 ms
2021-06-06T17:51:19.369Z GET /boards/89cdb702-207e-4d48-b040-2091881e5d9b/tasks/823b9d27-0d35-48e5-8884-a69008412cde - 200 - 0.727 ms
2021-06-06T17:51:19.379Z GET /boards/89cdb702-207e-4d48-b040-2091881e5d9b/tasks/148b62a0-28e4-4955-85d4-8cbd91149f3f - 200 - 0.598 ms
2021-06-06T17:51:19.399Z DELETE /boards/89cdb702-207e-4d48-b040-2091881e5d9b - 204 - 1.026 ms
2021-06-06T17:51:19.430Z GET /boards/89cdb702-207e-4d48-b040-2091881e5d9b/tasks/bc2017cc-0152-4ec7-9378-cf2ea61b63f8 - 404 - 2.409 ms
2021-06-06T17:51:19.438Z GET /boards/89cdb702-207e-4d48-b040-2091881e5d9b/tasks/d626ddd0-0085-4b6d-95e0-ed5cf3c30d50 - 404 - 1.209 ms
2021-06-06T17:51:19.443Z GET /boards/89cdb702-207e-4d48-b040-2091881e5d9b/tasks/148b62a0-28e4-4955-85d4-8cbd91149f3f - 404 - 0.664 ms
2021-06-06T17:51:19.447Z GET /boards/89cdb702-207e-4d48-b040-2091881e5d9b/tasks/6c9ad0cf-0a8d-470d-ae3b-edab3b6538b3 - 404 - 0.763 ms
2021-06-06T17:51:19.467Z GET /boards/89cdb702-207e-4d48-b040-2091881e5d9b/tasks/823b9d27-0d35-48e5-8884-a69008412cde - 404 - 0.668 ms
2021-06-06T17:51:19.543Z DELETE /boards/7d621a30-1a58-4277-bea0-fab13792fd31 - 204 - 4.940 ms
2021-06-06T17:51:20.226Z POST /boards - 201 - 0.629 ms
2021-06-06T17:51:20.253Z POST /boards/5e50ed06-19fd-4a95-94da-a93b2b8293bb/tasks - 201 - 2.364 ms
2021-06-06T17:51:20.279Z GET /boards/5e50ed06-19fd-4a95-94da-a93b2b8293bb/tasks - 200 - 1.621 ms
2021-06-06T17:51:20.317Z GET /boards/5e50ed06-19fd-4a95-94da-a93b2b8293bb/tasks - 200 - 0.809 ms
2021-06-06T17:51:20.343Z GET /boards/5e50ed06-19fd-4a95-94da-a93b2b8293bb/tasks/d3a3352f-89e4-46d5-b5ed-084932f8175b - 200 - 0.764 ms
2021-06-06T17:51:20.351Z POST /boards/5e50ed06-19fd-4a95-94da-a93b2b8293bb/tasks - 201 - 0.691 ms
2021-06-06T17:51:20.369Z DELETE /boards/5e50ed06-19fd-4a95-94da-a93b2b8293bb/tasks/6f25c3d6-cd4a-47e3-94ff-433a5ec5f5de - 204 - 0.697 ms
2021-06-06T17:51:20.378Z POST /boards/5e50ed06-19fd-4a95-94da-a93b2b8293bb/tasks - 201 - 0.563 ms
2021-06-06T17:51:20.389Z PUT /boards/5e50ed06-19fd-4a95-94da-a93b2b8293bb/tasks/53b7c8dd-fd6f-45dd-959a-a4c89d36c4dc - 200 - 1.187 ms
2021-06-06T17:51:20.396Z GET /boards/5e50ed06-19fd-4a95-94da-a93b2b8293bb/tasks/53b7c8dd-fd6f-45dd-959a-a4c89d36c4dc - 200 - 1.759 ms
2021-06-06T17:51:20.413Z GET /boards/5e50ed06-19fd-4a95-94da-a93b2b8293bb/tasks/d3a3352f-89e4-46d5-b5ed-084932f8175b - 200 - 0.856 ms
2021-06-06T17:51:20.420Z DELETE /boards/5e50ed06-19fd-4a95-94da-a93b2b8293bb/tasks/d3a3352f-89e4-46d5-b5ed-084932f8175b - 204 - 0.993 ms
2021-06-06T17:51:20.438Z GET /boards/5e50ed06-19fd-4a95-94da-a93b2b8293bb/tasks/d3a3352f-89e4-46d5-b5ed-084932f8175b - 404 - 0.591 ms
2021-06-06T17:51:20.445Z DELETE /boards/5e50ed06-19fd-4a95-94da-a93b2b8293bb - 204 - 0.731 ms
